<?xml version="1.0" encoding="UTF-8"?>
<!-- Generated by org.testng.reporters.JUnitXMLReporter -->
<testsuite ignored="0" hostname="Serendipity" failures="0" tests="6" name="Free CRM App Test Cases" time="22.51" errors="0" timestamp="02 Mar 2024 09:06:21 GMT">
  <testcase classname="com.crm.qa.testcases.LoginTestcase" name="loginPageTitleTest" time="0.634"/>
  <testcase classname="com.crm.qa.testcases.AddToCartTestCase" name="addingtocartTest" time="0.35"/>
  <testcase classname="com.crm.qa.testcases.CheckoutInfoTest" name="addingdetails" time="0.571"/>
  <testcase classname="com.crm.qa.testcases.CheckoutPagetestCase" name="addingdetails" time="0.204"/>
  <testcase classname="com.crm.qa.testcases.CheckoutStep2TestCase" name="addingdetails" time="0.194"/>
  <testcase classname="com.crm.qa.testcases.CheckoutCompleteTestCase" name="addingdetails" time="0.057"/>
</testsuite> <!-- Free CRM App Test Cases -->
